<?xml version="1.0" encoding="UTF-8"?>
<!-- Generated by org.testng.reporters.JUnitXMLReporter -->
<testsuite ignored="0" hostname="001cdab6ac5c5b0" failures="0" tests="8" name="Test" time="69.363" errors="0" timestamp="2025-03-07T14:41:37 IST">
  <testcase classname="testcases.patient_testcase" name="verifyTitleAndURLOfTheHomePage" time="20.978"/>
  <testcase classname="testcases.patient_testcase" name="verifyAllPresenceOfFieldIfPatientModuleIsPresent" time="1.111"/>
  <testcase classname="testcases.patient_testcase" name="verifyPlaceholderNameOfTexbox" time="1.008"/>
  <testcase classname="testcases.patient_testcase" name="verifyButtonIsPresent" time="4.618"/>
  <testcase classname="testcases.patient_testcase" name="verifyErrorMessage" time="6.143"/>
  <testcase classname="testcases.patient_testcase" name="verifyTextboxIsPresentAndValidateEnteredValue" time="1.104"/>
  <testcase classname="testcases.patient_testcase" name="scrollToBottomAndVerifyFieldIsPresent" time="0.68"/>
  <testcase classname="testcases.patient_testcase" name="highlightTheBloodGroupElement" time="1.181"/>
</testsuite> <!-- Test -->
